<?xml version="1.0" encoding="UTF-8"?>
<!-- Generated by org.testng.reporters.JUnitReportReporter -->
<testsuite hostname="Amit" name="testclasses.TestCase1" tests="1" failures="0" timestamp="9 Aug 2015 10:00:33 GMT" time="39.298" errors="0">
  <testcase name="Provision" time="39.298" classname="testclasses.TestCase1"/>
</testsuite> <!-- testclasses.TestCase1 -->
